#
# There is insufficient memory for the Java Runtime Environment to continue.
# Native memory allocation (malloc) failed to allocate 32744 bytes for ChunkPool::allocate
# Possible reasons:
#   The system is out of physical RAM or swap space
#   In 32 bit mode, the process size limit was hit
# Possible solutions:
#   Reduce memory load on the system
#   Increase physical memory or swap space
#   Check if swap backing store is full
#   Use 64 bit Java on a 64 bit OS
#   Decrease Java heap size (-Xmx/-Xms)
#   Decrease number of Java threads
#   Decrease Java thread stack sizes (-Xss)
#   Set larger code cache with -XX:ReservedCodeCacheSize=
# This output file may be truncated or incomplete.
#
#  Out of Memory Error (allocation.cpp:273), pid=10048, tid=0x00000000000015c0
#
# JRE version: Java(TM) SE Runtime Environment (8.0_121-b13) (build 1.8.0_121-b13)
# Java VM: Java HotSpot(TM) 64-Bit Server VM (25.121-b13 mixed mode windows-amd64 compressed oops)
# Failed to write core dump. Minidumps are not enabled by default on client versions of Windows
#

---------------  T H R E A D  ---------------

Current thread (0x00000000190c8000):  JavaThread "C1 CompilerThread3" daemon [_thread_in_native, id=5568, stack(0x0000000019ba0000,0x0000000019ca0000)]

Stack: [0x0000000019ba0000,0x0000000019ca0000]
[error occurred during error reporting (printing stack bounds), id 0xc0000005]

Native frames: (J=compiled Java code, j=interpreted, Vv=VM code, C=native code)


Current CompileTask:
C1:   1914  540       3       javax.swing.plaf.nimbus.NimbusStyle::validate (1178 bytes)


---------------  P R O C E S S  ---------------

Java Threads: ( => current thread )
  0x000000001a366000 JavaThread "TimerQueue" daemon [_thread_blocked, id=10624, stack(0x00000000206c0000,0x00000000207c0000)]
  0x0000000002090800 JavaThread "DestroyJavaVM" [_thread_blocked, id=1972, stack(0x0000000001f80000,0x0000000002080000)]
  0x000000001a2d1800 JavaThread "AWT-EventQueue-0" [_thread_in_vm, id=9320, stack(0x000000001bbb0000,0x000000001bcb0000)]
  0x000000001a27d000 JavaThread "AWT-Windows" daemon [_thread_in_native, id=10644, stack(0x000000001ac00000,0x000000001ad00000)]
  0x000000001a279800 JavaThread "AWT-Shutdown" [_thread_blocked, id=2524, stack(0x000000001ab00000,0x000000001ac00000)]
  0x000000001a276800 JavaThread "Java2D Disposer" daemon [_thread_blocked, id=9868, stack(0x000000001aa00000,0x000000001ab00000)]
  0x0000000019155000 JavaThread "Service Thread" daemon [_thread_blocked, id=11048, stack(0x0000000019ca0000,0x0000000019da0000)]
=>0x00000000190c8000 JavaThread "C1 CompilerThread3" daemon [_thread_in_native, id=5568, stack(0x0000000019ba0000,0x0000000019ca0000)]
  0x00000000190bf000 JavaThread "C2 CompilerThread2" daemon [_thread_blocked, id=8876, stack(0x0000000019aa0000,0x0000000019ba0000)]
  0x00000000190be000 JavaThread "C2 CompilerThread1" daemon [_thread_blocked, id=6664, stack(0x00000000199a0000,0x0000000019aa0000)]
  0x00000000190b9800 JavaThread "C2 CompilerThread0" daemon [_thread_blocked, id=9308, stack(0x00000000198a0000,0x00000000199a0000)]
  0x00000000190b8800 JavaThread "Attach Listener" daemon [_thread_blocked, id=12104, stack(0x00000000197a0000,0x00000000198a0000)]
  0x00000000171be000 JavaThread "Signal Dispatcher" daemon [_thread_blocked, id=10324, stack(0x00000000196a0000,0x00000000197a0000)]
  0x00000000190b0800 JavaThread "Finalizer" daemon [_thread_blocked, id=8536, stack(0x0000000019490000,0x0000000019590000)]
  0x0000000002187000 JavaThread "Reference Handler" daemon [_thread_blocked, id=3416, stack(0x0000000018f90000,0x0000000019090000)]

Other Threads:
  0x00000000171a9000 VMThread [stack: 0x0000000018e90000,0x0000000018f90000] [id=9552]
  0x0000000019177000 WatcherThread [stack: 0x0000000019da0000,0x0000000019ea0000] [id=7480]

VM state:not at safepoint (normal execution)

VM Mutex/Monitor currently owned by a thread: None

Heap:
 PSYoungGen      total 38400K, used 9291K [0x00000000d5800000, 0x00000000d8280000, 0x0000000100000000)
  eden space 33280K, 27% used [0x00000000d5800000,0x00000000d6112ed0,0x00000000d7880000)
  from space 5120K, 0% used [0x00000000d7d80000,0x00000000d7d80000,0x00000000d8280000)
  to   space 5120K, 0% used [0x00000000d7880000,0x00000000d7880000,0x00000000d7d80000)
 ParOldGen       total 87552K, used 0K [0x0000000080800000, 0x0000000085d80000, 0x00000000d5800000)
  object space 87552K, 0% used [0x0000000080800000,0x0000000080800000,0x0000000085d80000)
 Metaspace       used 11591K, capacity 11738K, committed 11904K, reserved 1058816K
  class space    used 1521K, capacity 1607K, committed 1664K, reserved 1048576K

Card table byte_map: [0x0000000011550000,0x0000000011950000] byte_map_base: 0x000000001114c000

Marking Bits: (ParMarkBitMap*) 0x000000005d25b6d0
 Begin Bits: [0x0000000012400000, 0x00000000143e0000)
 End Bits:   [0x00000000143e0000, 0x00000000163c0000)

Polling page: 0x00000000007a0000

CodeCache: size=245760Kb used=2229Kb max_used=2229Kb free=243530Kb
 bounds [0x0000000002190000, 0x0000000002400000, 0x0000000011190000]
 total_blobs=1032 nmethods=539 adapters=407
 compilation: enabled

Compilation events (10 events):
Event: 1.905 Thread 0x00000000190c8000 nmethod 535 0x00000000023bc590 code [0x00000000023bc6e0, 0x00000000023bc890]
Event: 1.905 Thread 0x00000000190c8000  534       1       javax.swing.JLabel::getText (5 bytes)
Event: 1.905 Thread 0x00000000190c8000 nmethod 534 0x00000000023bc910 code [0x00000000023bca60, 0x00000000023bcb70]
Event: 1.905 Thread 0x00000000190c8000  536       3       java.util.EventObject::<init> (24 bytes)
Event: 1.905 Thread 0x00000000190c8000 nmethod 536 0x00000000023bcf90 code [0x00000000023bd100, 0x00000000023bd3c8]
Event: 1.907 Thread 0x00000000190c8000  538   !   3       sun.awt.image.SurfaceManager::getManager (47 bytes)
Event: 1.907 Thread 0x00000000190c8000 nmethod 538 0x00000000023bd4d0 code [0x00000000023bd6a0, 0x00000000023bddd8]
Event: 1.907 Thread 0x00000000190c8000  539       3       java.awt.Image$1::getSurfaceManager (5 bytes)
Event: 1.907 Thread 0x00000000190c8000 nmethod 539 0x00000000023be150 code [0x00000000023be2a0, 0x00000000023be3f0]
Event: 1.907 Thread 0x00000000190c8000  540       3       javax.swing.plaf.nimbus.NimbusStyle::validate (1178 bytes)

GC Heap History (0 events):
No events

Deoptimization events (0 events):
No events

Internal exceptions (10 events):
Event: 0.624 Thread 0x0000000002090800 Exception <a 'java/lang/ClassNotFoundException': ToolBar> (0x00000000d5c11748) thrown at [C:\re\workspace\8-2-build-windows-amd64-cygwin\jdk8u121\8372\hotspot\src\share\vm\classfile\systemDictionary.cpp, line 210]
Event: 0.624 Thread 0x0000000002090800 Exception <a 'java/lang/ClassNotFoundException': ToggleButton> (0x00000000d5c11cf8) thrown at [C:\re\workspace\8-2-build-windows-amd64-cygwin\jdk8u121\8372\hotspot\src\share\vm\classfile\systemDictionary.cpp, line 210]
Event: 0.624 Thread 0x0000000002090800 Exception <a 'java/lang/ClassNotFoundException': javax/swing/JToolBarSeparator> (0x00000000d5c12158) thrown at [C:\re\workspace\8-2-build-windows-amd64-cygwin\jdk8u121\8372\hotspot\src\share\vm\classfile\systemDictionary.cpp, line 210]
Event: 0.624 Thread 0x0000000002090800 Exception <a 'java/lang/ClassNotFoundException': ToolBarSeparator> (0x00000000d5c125f0) thrown at [C:\re\workspace\8-2-build-windows-amd64-cygwin\jdk8u121\8372\hotspot\src\share\vm\classfile\systemDictionary.cpp, line 210]
Event: 0.624 Thread 0x0000000002090800 Exception <a 'java/lang/ClassNotFoundException': ToolTip> (0x00000000d5c12d30) thrown at [C:\re\workspace\8-2-build-windows-amd64-cygwin\jdk8u121\8372\hotspot\src\share\vm\classfile\systemDictionary.cpp, line 210]
Event: 0.625 Thread 0x0000000002090800 Exception <a 'java/lang/ClassNotFoundException': Tree> (0x00000000d5c13950) thrown at [C:\re\workspace\8-2-build-windows-amd64-cygwin\jdk8u121\8372\hotspot\src\share\vm\classfile\systemDictionary.cpp, line 210]
Event: 0.625 Thread 0x0000000002090800 Exception <a 'java/lang/ClassNotFoundException': Tree> (0x00000000d5c14090) thrown at [C:\re\workspace\8-2-build-windows-amd64-cygwin\jdk8u121\8372\hotspot\src\share\vm\classfile\systemDictionary.cpp, line 210]
Event: 0.625 Thread 0x0000000002090800 Exception <a 'java/lang/ClassNotFoundException': javax/swing/JTreeCell> (0x00000000d5c14410) thrown at [C:\re\workspace\8-2-build-windows-amd64-cygwin\jdk8u121\8372\hotspot\src\share\vm\classfile\systemDictionary.cpp, line 210]
Event: 0.625 Thread 0x0000000002090800 Exception <a 'java/lang/ClassNotFoundException': TreeCell> (0x00000000d5c14898) thrown at [C:\re\workspace\8-2-build-windows-amd64-cygwin\jdk8u121\8372\hotspot\src\share\vm\classfile\systemDictionary.cpp, line 210]
Event: 0.626 Thread 0x0000000002090800 Exception <a 'java/lang/ClassNotFoundException': RootPane> (0x00000000d5c152f8) thrown at [C:\re\workspace\8-2-build-windows-amd64-cygwin\jdk8u121\8372\hotspot\src\share\vm\classfile\systemDictionary.cpp, line 210]

Events (10 events):
Event: 1.894 loading class java/awt/MultipleGradientPaintContext done
Event: 1.894 loading class java/awt/LinearGradientPaintContext done
Event: 1.895 loading class sun/java2d/pipe/AlphaPaintPipe$TileContext
Event: 1.895 loading class sun/java2d/pipe/AlphaPaintPipe$TileContext done
Event: 1.912 loading class java/awt/EventQueue$4
Event: 1.912 loading class java/awt/EventQueue$4 done
Event: 1.912 loading class sun/awt/dnd/SunDropTargetEvent
Event: 1.912 loading class sun/awt/dnd/SunDropTargetEvent done
Event: 1.912 loading class java/awt/event/FocusEvent
Event: 1.912 loading class java/awt/event/FocusEvent done


Dynamic libraries:
0x00007ff6d6300000 - 0x00007ff6d6337000 	C:\Program Files\Java\jdk1.8.0_121\jre\bin\java.exe
0x00007ffbcf700000 - 0x00007ffbcf8d1000 	C:\WINDOWS\SYSTEM32\ntdll.dll
0x00007ffbcf290000 - 0x00007ffbcf33c000 	C:\WINDOWS\System32\KERNEL32.DLL
0x00007ffbc7a80000 - 0x00007ffbc7ab3000 	C:\Program Files\AVAST Software\Avast\x64\aswhooka.dll
0x00007ffbcc5c0000 - 0x00007ffbcc7dd000 	C:\WINDOWS\System32\KERNELBASE.dll
0x00007ffbcf1e0000 - 0x00007ffbcf282000 	C:\WINDOWS\System32\ADVAPI32.dll
0x00007ffbce810000 - 0x00007ffbce8ae000 	C:\WINDOWS\System32\msvcrt.dll
0x00007ffbccd30000 - 0x00007ffbccd89000 	C:\WINDOWS\System32\sechost.dll
0x00007ffbce6e0000 - 0x00007ffbce801000 	C:\WINDOWS\System32\RPCRT4.dll
0x00007ffbcf070000 - 0x00007ffbcf1d5000 	C:\WINDOWS\System32\USER32.dll
0x00007ffbcc4a0000 - 0x00007ffbcc4be000 	C:\WINDOWS\System32\win32u.dll
0x00007ffbce980000 - 0x00007ffbce9b4000 	C:\WINDOWS\System32\GDI32.dll
0x00007ffbcca50000 - 0x00007ffbccbd2000 	C:\WINDOWS\System32\gdi32full.dll
0x00007ffbc2710000 - 0x00007ffbc298a000 	C:\WINDOWS\WinSxS\amd64_microsoft.windows.common-controls_6595b64144ccf1df_6.0.14393.953_none_42151e83c686086b\COMCTL32.dll
0x00007ffbced30000 - 0x00007ffbceff8000 	C:\WINDOWS\System32\combase.dll
0x00007ffbcc7e0000 - 0x00007ffbcc8d5000 	C:\WINDOWS\System32\ucrtbase.dll
0x00007ffbcc940000 - 0x00007ffbcc9aa000 	C:\WINDOWS\System32\bcryptPrimitives.dll
0x00007ffbcf440000 - 0x00007ffbcf46e000 	C:\WINDOWS\System32\IMM32.DLL
0x000000005c960000 - 0x000000005ca32000 	C:\Program Files\Java\jdk1.8.0_121\jre\bin\msvcr100.dll
0x000000005ca40000 - 0x000000005d2db000 	C:\Program Files\Java\jdk1.8.0_121\jre\bin\server\jvm.dll
0x00007ffbce6d0000 - 0x00007ffbce6d8000 	C:\WINDOWS\System32\PSAPI.DLL
0x00007ffbafdb0000 - 0x00007ffbafdb9000 	C:\WINDOWS\SYSTEM32\WSOCK32.dll
0x00007ffbce8b0000 - 0x00007ffbce91a000 	C:\WINDOWS\System32\WS2_32.dll
0x00007ffbc9c20000 - 0x00007ffbc9c43000 	C:\WINDOWS\SYSTEM32\WINMM.dll
0x00007ffbc7eb0000 - 0x00007ffbc7eba000 	C:\WINDOWS\SYSTEM32\VERSION.dll
0x00007ffbc9bf0000 - 0x00007ffbc9c1b000 	C:\WINDOWS\SYSTEM32\WINMMBASE.dll
0x00007ffbcc570000 - 0x00007ffbcc5b2000 	C:\WINDOWS\System32\cfgmgr32.dll
0x000000005e5b0000 - 0x000000005e5bf000 	C:\Program Files\Java\jdk1.8.0_121\jre\bin\verify.dll
0x000000005c930000 - 0x000000005c959000 	C:\Program Files\Java\jdk1.8.0_121\jre\bin\java.dll
0x000000005c910000 - 0x000000005c926000 	C:\Program Files\Java\jdk1.8.0_121\jre\bin\zip.dll
0x00007ffbcd1c0000 - 0x00007ffbce6c8000 	C:\WINDOWS\System32\SHELL32.dll
0x00007ffbcbdc0000 - 0x00007ffbcc49a000 	C:\WINDOWS\System32\windows.storage.dll
0x00007ffbcbb70000 - 0x00007ffbcbbbc000 	C:\WINDOWS\System32\powrprof.dll
0x00007ffbceb60000 - 0x00007ffbcebb2000 	C:\WINDOWS\System32\shlwapi.dll
0x00007ffbcbbc0000 - 0x00007ffbcbbcf000 	C:\WINDOWS\System32\kernel.appcore.dll
0x00007ffbcc4c0000 - 0x00007ffbcc569000 	C:\WINDOWS\System32\shcore.dll
0x00007ffbcbbd0000 - 0x00007ffbcbbe4000 	C:\WINDOWS\System32\profapi.dll
0x000000005c730000 - 0x000000005c8c8000 	C:\Program Files\Java\jdk1.8.0_121\jre\bin\awt.dll
0x00007ffbcf640000 - 0x00007ffbcf6ff000 	C:\WINDOWS\System32\OLEAUT32.dll
0x00007ffbcc9b0000 - 0x00007ffbcca4c000 	C:\WINDOWS\System32\msvcp_win.dll
0x00007ffbca100000 - 0x00007ffbca17a000 	C:\WINDOWS\SYSTEM32\apphelp.dll
0x00007ffbca2e0000 - 0x00007ffbca375000 	C:\WINDOWS\system32\uxtheme.dll
0x00007ffbcf470000 - 0x00007ffbcf5ca000 	C:\WINDOWS\System32\MSCTF.dll
0x00007ffbc98f0000 - 0x00007ffbc9916000 	C:\WINDOWS\system32\dwmapi.dll
0x00007ffbcebc0000 - 0x00007ffbcecf8000 	C:\WINDOWS\System32\ole32.dll
0x000000005c6e0000 - 0x000000005c727000 	C:\Program Files\Java\jdk1.8.0_121\jre\bin\fontmanager.dll
0x00007ffbaed90000 - 0x00007ffbaeeb3000 	C:\WINDOWS\system32\opengl32.dll
0x00007ffbb7be0000 - 0x00007ffbb7c0d000 	C:\WINDOWS\SYSTEM32\GLU32.dll
0x00007ffbb7380000 - 0x00007ffbb7477000 	C:\WINDOWS\SYSTEM32\DDRAW.dll
0x00007ffbc98c0000 - 0x00007ffbc98c8000 	C:\WINDOWS\SYSTEM32\DCIMAN32.dll
0x00007ffbb6bd0000 - 0x00007ffbb6d5d000 	C:\WINDOWS\system32\d3d9.dll
0x00007ffbad350000 - 0x00007ffbae35f000 	C:\WINDOWS\System32\DriverStore\FileRepository\nv_dispi.inf_amd64_02838dee03d82b94\nvd3dumx.dll
0x00007ffbc3810000 - 0x00007ffbc38f8000 	C:\Program Files (x86)\NVIDIA Corporation\3D Vision\nvSCPAPI64.dll
0x00007ffbccd90000 - 0x00007ffbcd1b9000 	C:\WINDOWS\System32\SETUPAPI.dll
0x000000005c8f0000 - 0x000000005c90a000 	C:\Program Files\Java\jdk1.8.0_121\jre\bin\net.dll
0x00007ffbcb490000 - 0x00007ffbcb4ec000 	C:\WINDOWS\system32\mswsock.dll
0x000000005c8d0000 - 0x000000005c8e1000 	C:\Program Files\Java\jdk1.8.0_121\jre\bin\nio.dll
0x000000005c690000 - 0x000000005c6d2000 	C:\Program Files\Java\jdk1.8.0_121\jre\bin\t2k.dll
0x00007ffbccc90000 - 0x00007ffbccd2f000 	C:\WINDOWS\System32\clbcatq.dll
0x00007ffbc9120000 - 0x00007ffbc92c8000 	C:\WINDOWS\SYSTEM32\WindowsCodecs.dll
0x00007ffbb2350000 - 0x00007ffbb2399000 	C:\WINDOWS\system32\dataexchange.dll
0x00007ffbc80f0000 - 0x00007ffbc83a6000 	C:\WINDOWS\system32\d3d11.dll
0x00007ffbc9a60000 - 0x00007ffbc9bb1000 	C:\WINDOWS\system32\dcomp.dll
0x00007ffbcaae0000 - 0x00007ffbcab7f000 	C:\WINDOWS\system32\dxgi.dll
0x00007ffbca580000 - 0x00007ffbca69c000 	C:\WINDOWS\system32\twinapi.appcore.dll
0x00007ffbcbaa0000 - 0x00007ffbcbacb000 	C:\WINDOWS\system32\bcrypt.dll
0x000000005c650000 - 0x000000005c67a000 	C:\Program Files\Java\jdk1.8.0_121\jre\bin\dcpr.dll

VM Arguments:
jvm_args: -Dfile.encoding=UTF-8 
java_command: view.TelaCadastroFornecedor
java_class_path (initial): C:\Program Files\NetBeans 8.2\ide\modules\ext\mysql-connector-java-5.1.23-bin.jar;C:\Users\João\Documents\Java\Estoque\ControleEstoque\build\classes
Launcher Type: SUN_STANDARD

Environment Variables:
JAVA_HOME=C:\Program Files\Java\jdk1.8.0_121
CLASSPATH=;C:\Program Files\Java\jdk1.8.0_121\lib;C:\Program Files\Java\jdk1.8.0_121\lib\tools.jar;C:\Program Files\Java\jdk1.8.0_121\lib\dt.jar;C:\Program Files\Java\jdk1.8.0_121\lib\htmlconverter.jar;C:\Program Files\Java\jdk1.8.0_121\jre\lib;C:\Program Files\Java\jdk1.8.0_121\jre\lib\rt.jar;
PATH=C:\ProgramData\Oracle\Java\javapath;C:\Windows\system32;C:\Windows;C:\Windows\System32\Wbem;C:\Windows\System32\WindowsPowerShell\v1.0\;C:\Program Files (x86)\ATI Technologies\ATI.ACE\Core-Static;C:\Program Files (x86)\NVIDIA Corporation\PhysX\Common;C:\WINDOWS\system32;C:\WINDOWS;C:\WINDOWS\System32\Wbem;C:\WINDOWS\System32\WindowsPowerShell\v1.0\;C:\Program Files\Java\jdk1.8.0_121\bin;C:\Program Files (x86)\Skype\Phone\;C:\Users\João\AppData\Local\Microsoft\WindowsApps;
USERNAME=João
OS=Windows_NT
PROCESSOR_IDENTIFIER=AMD64 Family 21 Model 2 Stepping 0, AuthenticAMD



---------------  S Y S T E M  ---------------

OS: Windows 10.0 , 64 bit Build 14393 (10.0.14393.1198)

CPU:total 8 (8 cores per cpu, 1 threads per core) family 21 model 2 stepping 0, cmov, cx8, fxsr, mmx, sse, sse2, sse3, ssse3, sse4.1, sse4.2, popcnt, avx, aes, clmul, mmxext, 3dnowpref, lzcnt, sse4a, tsc, tscinvbit, tscinv, bmi1

Memory: 4k page, physical 8352368k(1161800k free), swap 8352368k(5124k free)

vm_info: Java HotSpot(TM) 64-Bit Server VM (25.121-b13) for windows-amd64 JRE (1.8.0_121-b13), built on Dec 12 2016 18:21:36 by "java_re" with MS VC++ 10.0 (VS2010)

time: Sun May 14 16:50:36 2017
elapsed time: 1 seconds (0d 0h 0m 1s)

